Arguments: 
  /Users/reuben/.nvm/versions/node/v14.18.2/bin/node /Users/reuben/.nvm/versions/node/v14.18.2/bin/yarn add @openzepplin/contracts

PATH: 
  /Users/reuben/.nvm/versions/node/v14.18.2/bin:/opt/homebrew/bin:/opt/homebrew/sbin:/usr/local/bin:/usr/bin:/bin:/usr/sbin:/sbin:/Users/reuben/.nvm/versions/node/v14.18.2/bin:/Users/reuben/.nvm/versions/node/v17.2.0/bin:/opt/homebrew/bin:/opt/homebrew/sbin:/Applications/Visual Studio Code.app/Contents/Resources/app/bin:/Applications/Visual Studio Code.app/Contents/Resources/app/bin

Yarn version: 
  1.22.17

Node version: 
  14.18.2

Platform: 
  darwin arm64

Trace: 
  Error: https://registry.yarnpkg.com/@openzepplin%2fcontracts: Not found
      at Request.params.callback [as _callback] (/Users/reuben/.nvm/versions/node/v14.18.2/lib/node_modules/yarn/lib/cli.js:67029:18)
      at Request.self.callback (/Users/reuben/.nvm/versions/node/v14.18.2/lib/node_modules/yarn/lib/cli.js:140883:22)
      at Request.emit (events.js:400:28)
      at Request.<anonymous> (/Users/reuben/.nvm/versions/node/v14.18.2/lib/node_modules/yarn/lib/cli.js:141855:10)
      at Request.emit (events.js:400:28)
      at IncomingMessage.<anonymous> (/Users/reuben/.nvm/versions/node/v14.18.2/lib/node_modules/yarn/lib/cli.js:141777:12)
      at Object.onceWrapper (events.js:519:28)
      at IncomingMessage.emit (events.js:412:35)
      at endReadableNT (internal/streams/readable.js:1334:12)
      at processTicksAndRejections (internal/process/task_queues.js:82:21)

npm manifest: 
  {
    "name": "hardhat-project",
    "devDependencies": {
      "@nomiclabs/hardhat-ethers": "^2.0.6",
      "@nomiclabs/hardhat-waffle": "^2.0.3",
      "chai": "^4.3.6",
      "ethereum-waffle": "^3.4.4",
      "ethers": "^5.6.8",
      "hardhat": "^2.9.6"
    }
  }

yarn manifest: 
  No manifest

Lockfile: 
  No lockfile
